f:\csci 112\lab 01\lab 01\debug\lab 01.pch
f:\csci 112\lab 01\lab 01\debug\vc140.pdb
f:\csci 112\lab 01\lab 01\debug\vc140.idb
f:\csci 112\lab 01\lab 01\debug\stdafx.obj
f:\csci 112\lab 01\lab 01\debug\lab 01.obj
e:\csci 112\lab 01\lab 01\debug\vc140.pdb
f:\csci 112\lab 01\debug\lab 01.ilk
f:\csci 112\lab 01\debug\lab 01.exe
f:\csci 112\lab 01\debug\lab 01.pdb
e:\csci 112\lab 01\lab 01\debug\stdafx.obj
e:\csci 112\lab 01\lab 01\debug\lab 01.obj
e:\csci 112\lab 01\lab 01\debug\lab 01.pch
e:\csci 112\lab 01\lab 01\debug\vc140.idb
e:\csci 112\lab 01\debug\lab 01.pdb
e:\csci 112\lab 01\debug\lab 01.exe
e:\csci 112\lab 01\debug\lab 01.ilk
e:\csci 112\lab 01\lab 01\debug\lab 01.tlog\cl.read.1.tlog
e:\csci 112\lab 01\lab 01\debug\lab 01.tlog\cl.write.1.tlog
e:\csci 112\lab 01\lab 01\debug\lab 01.tlog\cl.command.1.tlog
e:\csci 112\lab 01\lab 01\debug\lab 01.tlog\link.read.1.tlog
e:\csci 112\lab 01\lab 01\debug\lab 01.tlog\link.write.1.tlog
e:\csci 112\lab 01\lab 01\debug\lab 01.tlog\link.command.1.tlog
